#
# A fatal error has been detected by the Java Runtime Environment:
#
#  SIGSEGV (0xb) at pc=0x00007f61e7d08c79, pid=30284, tid=140057978337024
#
# JRE version: OpenJDK Runtime Environment (7.0_51) (build 1.7.0_51-b00)
# Java VM: OpenJDK 64-Bit Server VM (24.45-b08 mixed mode linux-amd64 compressed oops)
# Problematic frame:
# V  [libjvm.so+0x5c0c79]  java_lang_String::utf8_length(oopDesc*)+0xb9
#
# Failed to write core dump. Core dumps have been disabled. To enable core dumping, try "ulimit -c unlimited" before starting Java again
#
# If you would like to submit a bug report, please include
# instructions on how to reproduce the bug and visit:
#   http://icedtea.classpath.org/bugzilla
#

---------------  T H R E A D  ---------------

Current thread (0x00007f61e00ad000):  JavaThread "JDWP Transport Listener: dt_socket" daemon [_thread_in_vm, id=30300, stack(0x00007f61c9fbf000,0x00007f61ca0c0000)]

siginfo:si_signo=SIGSEGV: si_errno=0, si_code=1 (SEGV_MAPERR), si_addr=0x000000000000000c

Registers:
RAX=0x0000000000000001, RBX=0x00007f61e00ad000, RCX=0x000000000000000c, RDX=0x0000000000000000
RSP=0x00007f61ca0be9d0, RBP=0x00007f61ca0be9d0, RSI=0x000000000000000c, RDI=0x00000000eead1450
R8 =0x0000000000000000, R9 =0x0000000000000000, R10=0x000000000000001a, R11=0x00007f61e8bdc8ba
R12=0x00007f61b8004f60, R13=0x00000000eead1450, R14=0x00007f61ca0beb10, R15=0x0000000000000000
RIP=0x00007f61e7d08c79, EFLAGS=0x0000000000010246, CSGSFS=0x0000000000000033, ERR=0x0000000000000004
  TRAPNO=0x000000000000000e

Top of Stack: (sp=0x00007f61ca0be9d0)
0x00007f61ca0be9d0:   00007f61ca0bea40 00007f61e7d17462
0x00007f61ca0be9e0:   00007f61e00ad1d8 00007f61e68caee0
0x00007f61ca0be9f0:   00007f61e00ad000 0000000000000000
0x00007f61ca0bea00:   00007f61e00ad1d8 00007f61b8004f60
0x00007f61ca0bea10:   00007f61ca0beae0 00007f61e00ad1d8
0x00007f61ca0bea20:   00007f61e68caee0 00007f61b8004f60
0x00007f61ca0bea30:   00007f61ca0beb10 00007f61e68caee0
0x00007f61ca0bea40:   00007f61ca0bea80 00007f61e6698f72
0x00007f61ca0bea50:   00007f61ca0beae0 0000000000010a00
0x00007f61ca0bea60:   00007f61ca0beae0 000000000000000a
0x00007f61ca0bea70:   00007f61ca0beb10 00007f61e68caee0
0x00007f61ca0bea80:   00007f61ca0becd0 00007f61e66a15d8
0x00007f61ca0bea90:   0000083200000013 00007f61e7010a00
0x00007f61ca0beaa0:   00007f61b0000b70 00007f61e00a46b0
0x00007f61ca0beab0:   00007f61e84e97a8 00007f61b0000801
0x00007f61ca0beac0:   0000083200000013 00007f61e7010a00
0x00007f61ca0bead0:   00007f61b0000b70 00007f61e00a46c8
0x00007f61ca0beae0:   00007f61b0000b78 000000000000000b
0x00007f61ca0beaf0:   0000083200000013 00007f61e7010a00
0x00007f61ca0beb00:   00007f61b0000b70 00007f61b8004540
0x00007f61ca0beb10:   00007f61ca0beb60 000000000000012c
0x00007f61ca0beb20:   00007f61ca0beb28 00007f6100000000
0x00007f61ca0beb30:   00007f61ca0beb60 0000000000000000
0x00007f61ca0beb40:   00007f0000000000 0000083200000018
0x00007f61ca0beb50:   00007f610000eb80 00007f61ca0beb60
0x00007f61ca0beb60:   0000005b01000000 0000001b00000000
0x00007f61ca0beb70:   7369687404000000 76616a4c12000000
0x00007f61ca0beb80:   532f676e616c2f61 00003b676e697274
0x00007f61ca0beb90:   0000430000000000 0000000000000000
0x00007f61ca0beba0:   6176050000000000 5b0200000065756c
0x00007f61ca0bebb0:   0000000000000043 0000000100000043
0x00007f61ca0bebc0:   0000000000000000 0074657366666f06 

Instructions: (pc=0x00007f61e7d08c79)
0x00007f61e7d08c59:   f1 7b 00 89 ca 8b 4e 08 48 d3 e2 48 03 16 b9 0c
0x00007f61e7d08c69:   00 00 00 eb 0b 66 90 48 8b 14 37 b9 10 00 00 00
0x00007f61e7d08c79:   8b 34 0a e9 7c ff ff ff 90 66 66 66 66 66 2e 0f
0x00007f61e7d08c89:   1f 84 00 00 00 00 00 48 8d 05 ac b2 7d 00 55 48 

Register to memory mapping:

RAX=0x0000000000000001 is an unknown value
RBX=0x00007f61e00ad000 is a thread
RCX=0x000000000000000c is an unknown value
RDX=0x0000000000000000 is an unknown value
RSP=0x00007f61ca0be9d0 is pointing into the stack for thread: 0x00007f61e00ad000
RBP=0x00007f61ca0be9d0 is pointing into the stack for thread: 0x00007f61e00ad000
RSI=0x000000000000000c is an unknown value
RDI=0x00000000eead1450 is an oop
java.lang.String 
 - klass: 'java/lang/String'
R8 =0x0000000000000000 is an unknown value
R9 =0x0000000000000000 is an unknown value
R10=0x000000000000001a is an unknown value
R11=0x00007f61e8bdc8ba: <offset 0x8c8ba> in /lib/x86_64-linux-gnu/libc.so.6 at 0x00007f61e8b50000
R12=0x00007f61b8004f60 is a global jni handle
R13=0x00000000eead1450 is an oop
java.lang.String 
 - klass: 'java/lang/String'
R14=0x00007f61ca0beb10 is pointing into the stack for thread: 0x00007f61e00ad000
R15=0x0000000000000000 is an unknown value


Stack: [0x00007f61c9fbf000,0x00007f61ca0c0000],  sp=0x00007f61ca0be9d0,  free space=1022k
Native frames: (J=compiled Java code, j=interpreted, Vv=VM code, C=native code)
V  [libjvm.so+0x5c0c79]  java_lang_String::utf8_length(oopDesc*)+0xb9
V  [libjvm.so+0x5cf462]  jni_GetStringUTFChars+0x72
C  [libjdwp.so+0x8f72]  getenv+0x8f72
C  [libjdwp.so+0x115d8]  Agent_OnLoad+0x1b18
C  [libjdwp.so+0x236f5]  Agent_OnLoad+0x13c35
V  [libjvm.so+0x67f6eb]  JvmtiAgentThread::start_function_wrapper(JavaThread*, Thread*)+0x9b
V  [libjvm.so+0x8ce0a0]  JavaThread::thread_main_inner()+0xf0
V  [libjvm.so+0x8ce311]  JavaThread::run()+0x221
V  [libjvm.so+0x795eb2]  java_start(Thread*)+0xf2


---------------  P R O C E S S  ---------------

Java Threads: ( => current thread )
  0x00007f61e00b8000 JavaThread "Service Thread" daemon [_thread_blocked, id=30308, stack(0x00007f61c9aba000,0x00007f61c9bbb000)]
  0x00007f61e00b6000 JavaThread "C2 CompilerThread1" daemon [_thread_blocked, id=30307, stack(0x00007f61c9bbb000,0x00007f61c9cbc000)]
  0x00007f61e00b3000 JavaThread "C2 CompilerThread0" daemon [_thread_blocked, id=30306, stack(0x00007f61c9cbc000,0x00007f61c9dbd000)]
  0x00007f61b8001000 JavaThread "JDWP Command Reader" daemon [_thread_in_native, id=30304, stack(0x00007f61c9dbd000,0x00007f61c9ebe000)]
  0x00007f61e00b0800 JavaThread "JDWP Event Helper Thread" daemon [_thread_blocked, id=30302, stack(0x00007f61c9ebe000,0x00007f61c9fbf000)]
=>0x00007f61e00ad000 JavaThread "JDWP Transport Listener: dt_socket" daemon [_thread_in_vm, id=30300, stack(0x00007f61c9fbf000,0x00007f61ca0c0000)]
  0x00007f61e00a0800 JavaThread "Signal Dispatcher" daemon [_thread_blocked, id=30298, stack(0x00007f61dc2f3000,0x00007f61dc3f4000)]
  0x00007f61e007e000 JavaThread "Finalizer" daemon [_thread_blocked, id=30297, stack(0x00007f61dc3f4000,0x00007f61dc4f5000)]
  0x00007f61e007c000 JavaThread "Reference Handler" daemon [_thread_blocked, id=30296, stack(0x00007f61dc4f5000,0x00007f61dc5f6000)]
  0x00007f61e000c800 JavaThread "main" [_thread_blocked, id=30290, stack(0x00007f61e9225000,0x00007f61e9326000)]

Other Threads:
  0x00007f61e0077800 VMThread [stack: 0x00007f61dc5f6000,0x00007f61dc6f7000] [id=30295]
  0x00007f61e00c3000 WatcherThread [stack: 0x00007f61c99b9000,0x00007f61c9aba000] [id=30309]

VM state:not at safepoint (normal execution)

VM Mutex/Monitor currently owned by a thread: None

Heap
 PSYoungGen      total 15872K, used 1106K [0x00000000eea00000, 0x00000000efb80000, 0x0000000100000000)
  eden space 13824K, 8% used [0x00000000eea00000,0x00000000eeb14930,0x00000000ef780000)
  from space 2048K, 0% used [0x00000000ef980000,0x00000000ef980000,0x00000000efb80000)
  to   space 2048K, 0% used [0x00000000ef780000,0x00000000ef780000,0x00000000ef980000)
 ParOldGen       total 35328K, used 0K [0x00000000cbe00000, 0x00000000ce080000, 0x00000000eea00000)
  object space 35328K, 0% used [0x00000000cbe00000,0x00000000cbe00000,0x00000000ce080000)
 PSPermGen       total 21504K, used 3439K [0x00000000c1800000, 0x00000000c2d00000, 0x00000000cbe00000)
  object space 21504K, 15% used [0x00000000c1800000,0x00000000c1b5bdc8,0x00000000c2d00000)

Card table byte_map: [0x00007f61e514b000,0x00007f61e5340000] byte_map_base: 0x00007f61e4b3f000

Polling page: 0x00007f61e9348000

Code Cache  [0x00007f61dd000000, 0x00007f61dd270000, 0x00007f61e0000000)
 total_blobs=184 nmethods=2 adapters=145 free_code_cache=48767Kb largest_free_block=49918144

Compilation events (4 events):
Event: 8.692 Thread 0x00007f61e00b3000    1             java.lang.String::indexOf (70 bytes)
Event: 8.702 Thread 0x00007f61e00b6000    2             java.lang.String::hashCode (55 bytes)
Event: 8.708 Thread 0x00007f61e00b3000 nmethod 1 0x00007f61dd05ff50 code [0x00007f61dd0600a0, 0x00007f61dd060288]
Event: 8.708 Thread 0x00007f61e00b6000 nmethod 2 0x00007f61dd061d90 code [0x00007f61dd061ee0, 0x00007f61dd062078]

GC Heap History (0 events):
No events

Deoptimization events (0 events):
No events

Internal exceptions (10 events):
Event: 8.692 Thread 0x00007f61e000c800 Threw 0x00000000eeabc668 at /build/buildd/openjdk-7-7u51-2.4.4/build/openjdk/hotspot/src/share/vm/prims/jvm.cpp:1244
Event: 8.692 Thread 0x00007f61e000c800 Threw 0x00000000eeabc790 at /build/buildd/openjdk-7-7u51-2.4.4/build/openjdk/hotspot/src/share/vm/prims/jvm.cpp:1244
Event: 8.694 Thread 0x00007f61e000c800 Threw 0x00000000eeabe7c0 at /build/buildd/openjdk-7-7u51-2.4.4/build/openjdk/hotspot/src/share/vm/prims/jvm.cpp:1244
Event: 8.694 Thread 0x00007f61e000c800 Threw 0x00000000eeabe8e8 at /build/buildd/openjdk-7-7u51-2.4.4/build/openjdk/hotspot/src/share/vm/prims/jvm.cpp:1244
Event: 8.695 Thread 0x00007f61e000c800 Threw 0x00000000eeabf288 at /build/buildd/openjdk-7-7u51-2.4.4/build/openjdk/hotspot/src/share/vm/prims/jvm.cpp:1244
Event: 8.695 Thread 0x00007f61e000c800 Threw 0x00000000eeabf3b0 at /build/buildd/openjdk-7-7u51-2.4.4/build/openjdk/hotspot/src/share/vm/prims/jvm.cpp:1244
Event: 8.696 Thread 0x00007f61e000c800 Threw 0x00000000eeac0420 at /build/buildd/openjdk-7-7u51-2.4.4/build/openjdk/hotspot/src/share/vm/prims/jvm.cpp:1244
Event: 8.696 Thread 0x00007f61e000c800 Threw 0x00000000eeac0548 at /build/buildd/openjdk-7-7u51-2.4.4/build/openjdk/hotspot/src/share/vm/prims/jvm.cpp:1244
Event: 8.697 Thread 0x00007f61e000c800 Threw 0x00000000eeac0e48 at /build/buildd/openjdk-7-7u51-2.4.4/build/openjdk/hotspot/src/share/vm/prims/jvm.cpp:1244
Event: 8.697 Thread 0x00007f61e000c800 Threw 0x00000000eeac0f70 at /build/buildd/openjdk-7-7u51-2.4.4/build/openjdk/hotspot/src/share/vm/prims/jvm.cpp:1244

Events (10 events):
Event: 28.821 Executing VM operation: ChangeSingleStep
Event: 28.821 Executing VM operation: ChangeSingleStep done
Event: 28.822 Executing VM operation: ChangeSingleStep
Event: 28.822 Executing VM operation: ChangeSingleStep done
Event: 28.833 Executing VM operation: GetOrSetLocal
Event: 28.833 Executing VM operation: GetOrSetLocal done
Event: 28.848 Executing VM operation: GetOrSetLocal
Event: 28.848 Executing VM operation: GetOrSetLocal done
Event: 28.965 Executing VM operation: GetOrSetLocal
Event: 28.965 Executing VM operation: GetOrSetLocal done


Dynamic libraries:
00400000-00401000 r-xp 00000000 08:01 4066552                            /usr/lib/jvm/java-7-openjdk-amd64/jre/bin/java
00600000-00601000 r--p 00000000 08:01 4066552                            /usr/lib/jvm/java-7-openjdk-amd64/jre/bin/java
00601000-00602000 rw-p 00001000 08:01 4066552                            /usr/lib/jvm/java-7-openjdk-amd64/jre/bin/java
02166000-02187000 rw-p 00000000 00:00 0                                  [heap]
c1800000-c2d00000 rw-p 00000000 00:00 0 
c2d00000-cbe00000 rw-p 00000000 00:00 0 
cbe00000-ce080000 rw-p 00000000 00:00 0 
ce080000-eea00000 rw-p 00000000 00:00 0 
eea00000-efb80000 rw-p 00000000 00:00 0 
efb80000-100000000 rw-p 00000000 00:00 0 
7f619c000000-7f619c021000 rw-p 00000000 00:00 0 
7f619c021000-7f61a0000000 ---p 00000000 00:00 0 
7f61a0000000-7f61a0021000 rw-p 00000000 00:00 0 
7f61a0021000-7f61a4000000 ---p 00000000 00:00 0 
7f61a4000000-7f61a4086000 rw-p 00000000 00:00 0 
7f61a4086000-7f61a8000000 ---p 00000000 00:00 0 
7f61a8000000-7f61a8045000 rw-p 00000000 00:00 0 
7f61a8045000-7f61ac000000 ---p 00000000 00:00 0 
7f61ac000000-7f61ac021000 rw-p 00000000 00:00 0 
7f61ac021000-7f61b0000000 ---p 00000000 00:00 0 
7f61b0000000-7f61b0021000 rw-p 00000000 00:00 0 
7f61b0021000-7f61b4000000 ---p 00000000 00:00 0 
7f61b4000000-7f61b4021000 rw-p 00000000 00:00 0 
7f61b4021000-7f61b8000000 ---p 00000000 00:00 0 
7f61b8000000-7f61b8021000 rw-p 00000000 00:00 0 
7f61b8021000-7f61bc000000 ---p 00000000 00:00 0 
7f61bc000000-7f61bc021000 rw-p 00000000 00:00 0 
7f61bc021000-7f61c0000000 ---p 00000000 00:00 0 
7f61c0000000-7f61c0021000 rw-p 00000000 00:00 0 
7f61c0021000-7f61c4000000 ---p 00000000 00:00 0 
7f61c4000000-7f61c4021000 rw-p 00000000 00:00 0 
7f61c4021000-7f61c8000000 ---p 00000000 00:00 0 
7f61c985b000-7f61c99b9000 rw-p 00000000 00:00 0 
7f61c99b9000-7f61c99ba000 ---p 00000000 00:00 0 
7f61c99ba000-7f61c9aba000 rw-p 00000000 00:00 0                          [stack:30309]
7f61c9aba000-7f61c9abd000 ---p 00000000 00:00 0 
7f61c9abd000-7f61c9bbb000 rw-p 00000000 00:00 0                          [stack:30308]
7f61c9bbb000-7f61c9bbe000 ---p 00000000 00:00 0 
7f61c9bbe000-7f61c9cbc000 rw-p 00000000 00:00 0                          [stack:30307]
7f61c9cbc000-7f61c9cbf000 ---p 00000000 00:00 0 
7f61c9cbf000-7f61c9dbd000 rw-p 00000000 00:00 0                          [stack:30306]
7f61c9dbd000-7f61c9dc0000 ---p 00000000 00:00 0 
7f61c9dc0000-7f61c9ebe000 rw-p 00000000 00:00 0                          [stack:30304]
7f61c9ebe000-7f61c9ec1000 ---p 00000000 00:00 0 
7f61c9ec1000-7f61c9fbf000 rw-p 00000000 00:00 0                          [stack:30302]
7f61c9fbf000-7f61c9fc2000 ---p 00000000 00:00 0 
7f61c9fc2000-7f61cc000000 rw-p 00000000 00:00 0                          [stack:30300]
7f61cc000000-7f61cc021000 rw-p 00000000 00:00 0 
7f61cc021000-7f61d0000000 ---p 00000000 00:00 0 
7f61d0000000-7f61d0021000 rw-p 00000000 00:00 0 
7f61d0021000-7f61d4000000 ---p 00000000 00:00 0 
7f61d4000000-7f61d4021000 rw-p 00000000 00:00 0 
7f61d4021000-7f61d8000000 ---p 00000000 00:00 0 
7f61d8000000-7f61d8021000 rw-p 00000000 00:00 0 
7f61d8021000-7f61dc000000 ---p 00000000 00:00 0 
7f61dc010000-7f61dc0e8000 rw-p 00000000 00:00 0 
7f61dc0e8000-7f61dc0ec000 r-xp 00000000 08:01 5640825                    /usr/lib/jvm/java-7-openjdk-amd64/jre/lib/amd64/libdt_socket.so
7f61dc0ec000-7f61dc2eb000 ---p 00004000 08:01 5640825                    /usr/lib/jvm/java-7-openjdk-amd64/jre/lib/amd64/libdt_socket.so
7f61dc2eb000-7f61dc2ec000 r--p 00003000 08:01 5640825                    /usr/lib/jvm/java-7-openjdk-amd64/jre/lib/amd64/libdt_socket.so
7f61dc2ec000-7f61dc2ed000 rw-p 00004000 08:01 5640825                    /usr/lib/jvm/java-7-openjdk-amd64/jre/lib/amd64/libdt_socket.so
7f61dc2f3000-7f61dc2f6000 ---p 00000000 00:00 0 
7f61dc2f6000-7f61dc3f4000 rw-p 00000000 00:00 0                          [stack:30298]
7f61dc3f4000-7f61dc3f7000 ---p 00000000 00:00 0 
7f61dc3f7000-7f61dc4f5000 rw-p 00000000 00:00 0                          [stack:30297]
7f61dc4f5000-7f61dc4f8000 ---p 00000000 00:00 0 
7f61dc4f8000-7f61dc5f6000 rw-p 00000000 00:00 0                          [stack:30296]
7f61dc5f6000-7f61dc5f7000 ---p 00000000 00:00 0 
7f61dc5f7000-7f61dd000000 rw-p 00000000 00:00 0                          [stack:30295]
7f61dd000000-7f61dd270000 rwxp 00000000 00:00 0 
7f61dd270000-7f61e0163000 rw-p 00000000 00:00 0 
7f61e0163000-7f61e4000000 ---p 00000000 00:00 0 
7f61e4033000-7f61e4037000 r--s 0003b000 08:01 5113342                    /usr/lib/jvm/java-7-openjdk-amd64/jre/lib/ext/sunpkcs11.jar
7f61e4037000-7f61e403a000 r--s 0000f000 08:01 5113230                    /usr/lib/jvm/java-7-openjdk-amd64/jre/lib/ext/pulse-java.jar
7f61e403a000-7f61e403b000 r--s 00002000 08:01 5113315                    /usr/lib/jvm/java-7-openjdk-amd64/jre/lib/ext/dnsns.jar
7f61e4042000-7f61e4045000 r--s 00032000 08:01 5113271                    /usr/lib/jvm/java-7-openjdk-amd64/jre/lib/ext/sunjce_provider.jar
7f61e4045000-7f61e4049000 r--s 00085000 08:01 5113179                    /usr/lib/jvm/java-7-openjdk-amd64/jre/lib/ext/localedata.jar
7f61e4049000-7f61e473c000 rw-p 00000000 00:00 0 
7f61e473c000-7f61e48ea000 r--s 01cf4000 08:01 4743263                    /usr/lib/jvm/java-7-openjdk-amd64/jre/lib/rt.jar
7f61e48f1000-7f61e4bde000 rw-p 00000000 00:00 0 
7f61e4bde000-7f61e4bdf000 ---p 00000000 00:00 0 
7f61e4bdf000-7f61e4cdf000 rw-p 00000000 00:00 0                          [stack:30294]
7f61e4cdf000-7f61e4ce0000 ---p 00000000 00:00 0 
7f61e4ce0000-7f61e4de0000 rw-p 00000000 00:00 0                          [stack:30293]
7f61e4de0000-7f61e4de1000 ---p 00000000 00:00 0 
7f61e4de1000-7f61e4ee1000 rw-p 00000000 00:00 0                          [stack:30292]
7f61e4ee1000-7f61e4ee2000 ---p 00000000 00:00 0 
7f61e4ee2000-7f61e4fed000 rw-p 00000000 00:00 0                          [stack:30291]
7f61e4fed000-7f61e5035000 rw-p 00000000 00:00 0 
7f61e5035000-7f61e5047000 rw-p 00000000 00:00 0 
7f61e5047000-7f61e514b000 rw-p 00000000 00:00 0 
7f61e514b000-7f61e5156000 rw-p 00000000 00:00 0 
7f61e5156000-7f61e519e000 rw-p 00000000 00:00 0 
7f61e519e000-7f61e51b0000 rw-p 00000000 00:00 0 
7f61e51b0000-7f61e52b4000 rw-p 00000000 00:00 0 
7f61e52b4000-7f61e52bd000 rw-p 00000000 00:00 0 
7f61e52bd000-7f61e533f000 rw-p 00000000 00:00 0 
7f61e533f000-7f61e5340000 rw-p 00000000 00:00 0 
7f61e5340000-7f61e5348000 r-xp 00000000 08:01 5640488                    /usr/lib/jvm/java-7-openjdk-amd64/jre/lib/amd64/libzip.so
7f61e5348000-7f61e5547000 ---p 00008000 08:01 5640488                    /usr/lib/jvm/java-7-openjdk-amd64/jre/lib/amd64/libzip.so
7f61e5547000-7f61e5548000 r--p 00007000 08:01 5640488                    /usr/lib/jvm/java-7-openjdk-amd64/jre/lib/amd64/libzip.so
7f61e5548000-7f61e5549000 rw-p 00008000 08:01 5640488                    /usr/lib/jvm/java-7-openjdk-amd64/jre/lib/amd64/libzip.so
7f61e5550000-7f61e555c000 r-xp 00000000 08:01 16519011                   /lib/x86_64-linux-gnu/libnss_files-2.17.so
7f61e555c000-7f61e575b000 ---p 0000c000 08:01 16519011                   /lib/x86_64-linux-gnu/libnss_files-2.17.so
7f61e575b000-7f61e575c000 r--p 0000b000 08:01 16519011                   /lib/x86_64-linux-gnu/libnss_files-2.17.so
7f61e575c000-7f61e575d000 rw-p 0000c000 08:01 16519011                   /lib/x86_64-linux-gnu/libnss_files-2.17.so
7f61e5760000-7f61e576b000 r-xp 00000000 08:01 16519015                   /lib/x86_64-linux-gnu/libnss_nis-2.17.so
7f61e576b000-7f61e596a000 ---p 0000b000 08:01 16519015                   /lib/x86_64-linux-gnu/libnss_nis-2.17.so
7f61e596a000-7f61e596b000 r--p 0000a000 08:01 16519015                   /lib/x86_64-linux-gnu/libnss_nis-2.17.so
7f61e596b000-7f61e596c000 rw-p 0000b000 08:01 16519015                   /lib/x86_64-linux-gnu/libnss_nis-2.17.so
7f61e5970000-7f61e5987000 r-xp 00000000 08:01 16519005                   /lib/x86_64-linux-gnu/libnsl-2.17.so
7f61e5987000-7f61e5b86000 ---p 00017000 08:01 16519005                   /lib/x86_64-linux-gnu/libnsl-2.17.so
7f61e5b86000-7f61e5b87000 r--p 00016000 08:01 16519005                   /lib/x86_64-linux-gnu/libnsl-2.17.so
7f61e5b87000-7f61e5b88000 rw-p 00017000 08:01 16519005                   /lib/x86_64-linux-gnu/libnsl-2.17.so
7f61e5b88000-7f61e5b8a000 rw-p 00000000 00:00 0 
7f61e5b90000-7f61e5b98000 r-xp 00000000 08:01 16519007                   /lib/x86_64-linux-gnu/libnss_compat-2.17.so
7f61e5b98000-7f61e5d97000 ---p 00008000 08:01 16519007                   /lib/x86_64-linux-gnu/libnss_compat-2.17.so
7f61e5d97000-7f61e5d98000 r--p 00007000 08:01 16519007                   /lib/x86_64-linux-gnu/libnss_compat-2.17.so
7f61e5d98000-7f61e5d99000 rw-p 00008000 08:01 16519007                   /lib/x86_64-linux-gnu/libnss_compat-2.17.so
7f61e5da0000-7f61e6482000 r--p 00000000 08:01 3414574                    /usr/lib/locale/locale-archive
7f61e6488000-7f61e648b000 r-xp 00000000 08:01 5640807                    /usr/lib/jvm/java-7-openjdk-amd64/jre/lib/amd64/libnpt.so
7f61e648b000-7f61e668a000 ---p 00003000 08:01 5640807                    /usr/lib/jvm/java-7-openjdk-amd64/jre/lib/amd64/libnpt.so
7f61e668a000-7f61e668b000 r--p 00002000 08:01 5640807                    /usr/lib/jvm/java-7-openjdk-amd64/jre/lib/amd64/libnpt.so
7f61e668b000-7f61e668c000 rw-p 00003000 08:01 5640807                    /usr/lib/jvm/java-7-openjdk-amd64/jre/lib/amd64/libnpt.so
7f61e6690000-7f61e66ca000 r-xp 00000000 08:01 5640808                    /usr/lib/jvm/java-7-openjdk-amd64/jre/lib/amd64/libjdwp.so
7f61e66ca000-7f61e68c9000 ---p 0003a000 08:01 5640808                    /usr/lib/jvm/java-7-openjdk-amd64/jre/lib/amd64/libjdwp.so
7f61e68c9000-7f61e68ca000 r--p 00039000 08:01 5640808                    /usr/lib/jvm/java-7-openjdk-amd64/jre/lib/amd64/libjdwp.so
7f61e68ca000-7f61e68cb000 rw-p 0003a000 08:01 5640808                    /usr/lib/jvm/java-7-openjdk-amd64/jre/lib/amd64/libjdwp.so
7f61e68d0000-7f61e68fb000 r-xp 00000000 08:01 5640414                    /usr/lib/jvm/java-7-openjdk-amd64/jre/lib/amd64/libjava.so
7f61e68fb000-7f61e6afa000 ---p 0002b000 08:01 5640414                    /usr/lib/jvm/java-7-openjdk-amd64/jre/lib/amd64/libjava.so
7f61e6afa000-7f61e6afb000 r--p 0002a000 08:01 5640414                    /usr/lib/jvm/java-7-openjdk-amd64/jre/lib/amd64/libjava.so
7f61e6afb000-7f61e6afd000 rw-p 0002b000 08:01 5640414                    /usr/lib/jvm/java-7-openjdk-amd64/jre/lib/amd64/libjava.so
7f61e6b00000-7f61e6b10000 r-xp 00000000 08:01 5640809                    /usr/lib/jvm/java-7-openjdk-amd64/jre/lib/amd64/libverify.so
7f61e6b10000-7f61e6d0f000 ---p 00010000 08:01 5640809                    /usr/lib/jvm/java-7-openjdk-amd64/jre/lib/amd64/libverify.so
7f61e6d0f000-7f61e6d11000 r--p 0000f000 08:01 5640809                    /usr/lib/jvm/java-7-openjdk-amd64/jre/lib/amd64/libverify.so
7f61e6d11000-7f61e6d12000 rw-p 00011000 08:01 5640809                    /usr/lib/jvm/java-7-openjdk-amd64/jre/lib/amd64/libverify.so
7f61e6d18000-7f61e6d1f000 r-xp 00000000 08:01 16519058                   /lib/x86_64-linux-gnu/librt-2.17.so
7f61e6d1f000-7f61e6f1e000 ---p 00007000 08:01 16519058                   /lib/x86_64-linux-gnu/librt-2.17.so
7f61e6f1e000-7f61e6f1f000 r--p 00006000 08:01 16519058                   /lib/x86_64-linux-gnu/librt-2.17.so
7f61e6f1f000-7f61e6f20000 rw-p 00007000 08:01 16519058                   /lib/x86_64-linux-gnu/librt-2.17.so
7f61e6f20000-7f61e6f35000 r-xp 00000000 08:01 16518897                   /lib/x86_64-linux-gnu/libgcc_s.so.1
7f61e6f35000-7f61e7134000 ---p 00015000 08:01 16518897                   /lib/x86_64-linux-gnu/libgcc_s.so.1
7f61e7134000-7f61e7135000 r--p 00014000 08:01 16518897                   /lib/x86_64-linux-gnu/libgcc_s.so.1
7f61e7135000-7f61e7136000 rw-p 00015000 08:01 16518897                   /lib/x86_64-linux-gnu/libgcc_s.so.1
7f61e7138000-7f61e723b000 r-xp 00000000 08:01 16518986                   /lib/x86_64-linux-gnu/libm-2.17.so
7f61e723b000-7f61e743a000 ---p 00103000 08:01 16518986                   /lib/x86_64-linux-gnu/libm-2.17.so
7f61e743a000-7f61e743b000 r--p 00102000 08:01 16518986                   /lib/x86_64-linux-gnu/libm-2.17.so
7f61e743b000-7f61e743c000 rw-p 00103000 08:01 16518986                   /lib/x86_64-linux-gnu/libm-2.17.so
7f61e7440000-7f61e7526000 r-xp 00000000 08:01 3418723                    /usr/lib/x86_64-linux-gnu/libstdc++.so.6.0.18
7f61e7526000-7f61e7725000 ---p 000e6000 08:01 3418723                    /usr/lib/x86_64-linux-gnu/libstdc++.so.6.0.18
7f61e7725000-7f61e772d000 r--p 000e5000 08:01 3418723                    /usr/lib/x86_64-linux-gnu/libstdc++.so.6.0.18
7f61e772d000-7f61e772f000 rw-p 000ed000 08:01 3418723                    /usr/lib/x86_64-linux-gnu/libstdc++.so.6.0.18
7f61e772f000-7f61e7744000 rw-p 00000000 00:00 0 
7f61e7748000-7f61e8227000 r-xp 00000000 08:01 7350740                    /usr/lib/jvm/java-7-openjdk-amd64/jre/lib/amd64/server/libjvm.so
7f61e8227000-7f61e8426000 ---p 00adf000 08:01 7350740                    /usr/lib/jvm/java-7-openjdk-amd64/jre/lib/amd64/server/libjvm.so
7f61e8426000-7f61e84b8000 r--p 00ade000 08:01 7350740                    /usr/lib/jvm/java-7-openjdk-amd64/jre/lib/amd64/server/libjvm.so
7f61e84b8000-7f61e84db000 rw-p 00b70000 08:01 7350740                    /usr/lib/jvm/java-7-openjdk-amd64/jre/lib/amd64/server/libjvm.so
7f61e84db000-7f61e8508000 rw-p 00000000 00:00 0 
7f61e8508000-7f61e8520000 r-xp 00000000 08:01 16519093                   /lib/x86_64-linux-gnu/libz.so.1.2.8
7f61e8520000-7f61e871f000 ---p 00018000 08:01 16519093                   /lib/x86_64-linux-gnu/libz.so.1.2.8
7f61e871f000-7f61e8720000 r--p 00017000 08:01 16519093                   /lib/x86_64-linux-gnu/libz.so.1.2.8
7f61e8720000-7f61e8721000 rw-p 00018000 08:01 16519093                   /lib/x86_64-linux-gnu/libz.so.1.2.8
7f61e8728000-7f61e873f000 r-xp 00000000 08:01 16519050                   /lib/x86_64-linux-gnu/libpthread-2.17.so
7f61e873f000-7f61e893f000 ---p 00017000 08:01 16519050                   /lib/x86_64-linux-gnu/libpthread-2.17.so
7f61e893f000-7f61e8940000 r--p 00017000 08:01 16519050                   /lib/x86_64-linux-gnu/libpthread-2.17.so
7f61e8940000-7f61e8941000 rw-p 00018000 08:01 16519050                   /lib/x86_64-linux-gnu/libpthread-2.17.so
7f61e8941000-7f61e8945000 rw-p 00000000 00:00 0 
7f61e8948000-7f61e894b000 r-xp 00000000 08:01 16518950                   /lib/x86_64-linux-gnu/libdl-2.17.so
7f61e894b000-7f61e8b4a000 ---p 00003000 08:01 16518950                   /lib/x86_64-linux-gnu/libdl-2.17.so
7f61e8b4a000-7f61e8b4b000 r--p 00002000 08:01 16518950                   /lib/x86_64-linux-gnu/libdl-2.17.so
7f61e8b4b000-7f61e8b4c000 rw-p 00003000 08:01 16518950                   /lib/x86_64-linux-gnu/libdl-2.17.so
7f61e8b50000-7f61e8d0d000 r-xp 00000000 08:01 16518935                   /lib/x86_64-linux-gnu/libc-2.17.so
7f61e8d0d000-7f61e8f0d000 ---p 001bd000 08:01 16518935                   /lib/x86_64-linux-gnu/libc-2.17.so
7f61e8f0d000-7f61e8f11000 r--p 001bd000 08:01 16518935                   /lib/x86_64-linux-gnu/libc-2.17.so
7f61e8f11000-7f61e8f13000 rw-p 001c1000 08:01 16518935                   /lib/x86_64-linux-gnu/libc-2.17.so
7f61e8f13000-7f61e8f18000 rw-p 00000000 00:00 0 
7f61e8f18000-7f61e8f25000 r-xp 00000000 08:01 5769184                    /usr/lib/jvm/java-7-openjdk-amd64/jre/lib/amd64/jli/libjli.so
7f61e8f25000-7f61e9124000 ---p 0000d000 08:01 5769184                    /usr/lib/jvm/java-7-openjdk-amd64/jre/lib/amd64/jli/libjli.so
7f61e9124000-7f61e9125000 r--p 0000c000 08:01 5769184                    /usr/lib/jvm/java-7-openjdk-amd64/jre/lib/amd64/jli/libjli.so
7f61e9125000-7f61e9126000 rw-p 0000d000 08:01 5769184                    /usr/lib/jvm/java-7-openjdk-amd64/jre/lib/amd64/jli/libjli.so
7f61e9128000-7f61e914b000 r-xp 00000000 08:01 16518911                   /lib/x86_64-linux-gnu/ld-2.17.so
7f61e9151000-7f61e916f000 rw-p 00000000 00:00 0 
7f61e916f000-7f61e9225000 rw-p 00000000 00:00 0 
7f61e9225000-7f61e9228000 ---p 00000000 00:00 0 
7f61e9228000-7f61e9328000 rw-p 00000000 00:00 0                          [stack:30290]
7f61e932e000-7f61e9330000 r--s 00006000 08:01 3806553                    /usr/share/java/java-atk-wrapper.jar
7f61e9332000-7f61e9334000 r--s 00012000 08:01 5113261                    /usr/lib/jvm/java-7-openjdk-amd64/jre/lib/ext/zipfs.jar
7f61e9338000-7f61e9340000 rw-s 00000000 00:12 269212                     /tmp/hsperfdata_gage/30284
7f61e9345000-7f61e9348000 rw-p 00000000 00:00 0 
7f61e9348000-7f61e9349000 r--p 00000000 00:00 0 
7f61e9349000-7f61e934a000 rw-p 00000000 00:00 0 
7f61e934a000-7f61e934b000 r--p 00022000 08:01 16518911                   /lib/x86_64-linux-gnu/ld-2.17.so
7f61e934b000-7f61e934d000 rw-p 00023000 08:01 16518911                   /lib/x86_64-linux-gnu/ld-2.17.so
7f61e934d000-7f61e9351000 rw-p 00000000 00:00 0 
7fff8ecb4000-7fff8ecd5000 rw-p 00000000 00:00 0                          [stack]
7fff8ed98000-7fff8ed9a000 r-xp 00000000 00:00 0                          [vdso]
ffffffffff600000-ffffffffff601000 r-xp 00000000 00:00 0                  [vsyscall]

VM Arguments:
jvm_args: -agentlib:jdwp=transport=dt_socket,suspend=y,address=localhost:34775 -Dfile.encoding=UTF-8 
java_command: project4.Editor
Launcher Type: SUN_STANDARD

Environment Variables:
PATH=/usr/local/sbin:/usr/local/bin:/usr/sbin:/usr/bin:/sbin:/bin:/usr/games:/usr/local/games
USERNAME=gage
LD_LIBRARY_PATH=/usr/lib32
SHELL=/bin/bash
DISPLAY=:0

Signal Handlers:
SIGSEGV: [libjvm.so+0x916ea0], sa_mask[0]=0x7ffbfeff, sa_flags=0x10000004
SIGBUS: [libjvm.so+0x916ea0], sa_mask[0]=0x7ffbfeff, sa_flags=0x10000004
SIGFPE: [libjvm.so+0x794800], sa_mask[0]=0x7ffbfeff, sa_flags=0x10000004
SIGPIPE: [libjvm.so+0x794800], sa_mask[0]=0x7ffbfeff, sa_flags=0x10000004
SIGXFSZ: [libjvm.so+0x794800], sa_mask[0]=0x7ffbfeff, sa_flags=0x10000004
SIGILL: [libjvm.so+0x794800], sa_mask[0]=0x7ffbfeff, sa_flags=0x10000004
SIGUSR1: SIG_DFL, sa_mask[0]=0x00000000, sa_flags=0x00000000
SIGUSR2: [libjvm.so+0x7946a0], sa_mask[0]=0x00000004, sa_flags=0x10000004
SIGHUP: [libjvm.so+0x794880], sa_mask[0]=0x7ffbfeff, sa_flags=0x10000004
SIGINT: [libjvm.so+0x794880], sa_mask[0]=0x7ffbfeff, sa_flags=0x10000004
SIGTERM: [libjvm.so+0x794880], sa_mask[0]=0x7ffbfeff, sa_flags=0x10000004
SIGQUIT: [libjvm.so+0x794880], sa_mask[0]=0x7ffbfeff, sa_flags=0x10000004


---------------  S Y S T E M  ---------------

OS:Ubuntu 13.10 (saucy)
uname:Linux 3.11.0-13-generic #20-Ubuntu SMP Wed Oct 23 07:38:26 UTC 2013 x86_64
libc:glibc 2.17 NPTL 2.17 
rlimit: STACK 8192k, CORE 0k, NPROC 26525, NOFILE 4096, AS infinity
load average:1.02 0.74 0.75

/proc/meminfo:
MemTotal:        3415444 kB
MemFree:          287136 kB
Buffers:          115704 kB
Cached:          1105820 kB
SwapCached:        36928 kB
Active:          1675688 kB
Inactive:        1019132 kB
Active(anon):    1263256 kB
Inactive(anon):   222924 kB
Active(file):     412432 kB
Inactive(file):   796208 kB
Unevictable:          60 kB
Mlocked:              60 kB
SwapTotal:       3616764 kB
SwapFree:        3502864 kB
Dirty:               432 kB
Writeback:             0 kB
AnonPages:       1445400 kB
Mapped:           233604 kB
Shmem:             12904 kB
Slab:              87808 kB
SReclaimable:      52920 kB
SUnreclaim:        34888 kB
KernelStack:        5736 kB
PageTables:        36492 kB
NFS_Unstable:          0 kB
Bounce:                0 kB
WritebackTmp:          0 kB
CommitLimit:     5324484 kB
Committed_AS:    5159072 kB
VmallocTotal:   34359738367 kB
VmallocUsed:      123644 kB
VmallocChunk:   34359593824 kB
HardwareCorrupted:     0 kB
AnonHugePages:         0 kB
HugePages_Total:       0
HugePages_Free:        0
HugePages_Rsvd:        0
HugePages_Surp:        0
Hugepagesize:       2048 kB
DirectMap4k:      354044 kB
DirectMap2M:     3264512 kB
DirectMap1G:           0 kB


CPU:total 4 (4 cores per cpu, 1 threads per core) family 21 model 16 stepping 1, cmov, cx8, fxsr, mmx, sse, sse2, sse3, ssse3, sse4.1, sse4.2, popcnt, avx, aes, mmxext, 3dnowpref, lzcnt, sse4a, tsc, tscinvbit, tscinv

/proc/cpuinfo:
processor	: 0
vendor_id	: AuthenticAMD
cpu family	: 21
model		: 16
model name	: AMD A8-4500M APU with Radeon(tm) HD Graphics
stepping	: 1
microcode	: 0x6001119
cpu MHz		: 1400.000
cache size	: 2048 KB
physical id	: 0
siblings	: 4
core id		: 0
cpu cores	: 2
apicid		: 16
initial apicid	: 0
fpu		: yes
fpu_exception	: yes
cpuid level	: 13
wp		: yes
flags		: fpu vme de pse tsc msr pae mce cx8 apic sep mtrr pge mca cmov pat pse36 clflush mmx fxsr sse sse2 ht syscall nx mmxext fxsr_opt pdpe1gb rdtscp lm constant_tsc rep_good nopl nonstop_tsc extd_apicid aperfmperf pni pclmulqdq monitor ssse3 fma cx16 sse4_1 sse4_2 popcnt aes xsave avx f16c lahf_lm cmp_legacy svm extapic cr8_legacy abm sse4a misalignsse 3dnowprefetch osvw ibs xop skinit wdt lwp fma4 tce nodeid_msr tbm topoext perfctr_core perfctr_nb arat cpb hw_pstate npt lbrv svm_lock nrip_save tsc_scale vmcb_clean flushbyasid decodeassists pausefilter pfthreshold bmi1
bogomips	: 3792.83
TLB size	: 1536 4K pages
clflush size	: 64
cache_alignment	: 64
address sizes	: 48 bits physical, 48 bits virtual
power management: ts ttp tm 100mhzsteps hwpstate cpb eff_freq_ro

processor	: 1
vendor_id	: AuthenticAMD
cpu family	: 21
model		: 16
model name	: AMD A8-4500M APU with Radeon(tm) HD Graphics   
stepping	: 1
microcode	: 0x6001119
cpu MHz		: 1400.000
cache size	: 2048 KB
physical id	: 0
siblings	: 4
core id		: 1
cpu cores	: 2
apicid		: 17
initial apicid	: 1
fpu		: yes
fpu_exception	: yes
cpuid level	: 13
wp		: yes
flags		: fpu vme de pse tsc msr pae mce cx8 apic sep mtrr pge mca cmov pat pse36 clflush mmx fxsr sse sse2 ht syscall nx mmxext fxsr_opt pdpe1gb rdtscp lm constant_tsc rep_good nopl nonstop_tsc extd_apicid aperfmperf pni pclmulqdq monitor ssse3 fma cx16 sse4_1 sse4_2 popcnt aes xsave avx f16c lahf_lm cmp_legacy svm extapic cr8_legacy abm sse4a misalignsse 3dnowprefetch osvw ibs xop skinit wdt lwp fma4 tce nodeid_msr tbm topoext perfctr_core perfctr_nb arat cpb hw_pstate npt lbrv svm_lock nrip_save tsc_scale vmcb_clean flushbyasid decodeassists pausefilter pfthreshold bmi1
bogomips	: 3792.83
TLB size	: 1536 4K pages
clflush size	: 64
cache_alignment	: 64
address sizes	: 48 bits physical, 48 bits virtual
power management: ts ttp tm 100mhzsteps hwpstate cpb eff_freq_ro

processor	: 2
vendor_id	: AuthenticAMD
cpu family	: 21
model		: 16
model name	: AMD A8-4500M APU with Radeon(tm) HD Graphics   
stepping	: 1
microcode	: 0x6001119
cpu MHz		: 1400.000
cache size	: 2048 KB
physical id	: 0
siblings	: 4
core id		: 2
cpu cores	: 2
apicid		: 18
initial apicid	: 2
fpu		: yes
fpu_exception	: yes
cpuid level	: 13
wp		: yes
flags		: fpu vme de pse tsc msr pae mce cx8 apic sep mtrr pge mca cmov pat pse36 clflush mmx fxsr sse sse2 ht syscall nx mmxext fxsr_opt pdpe1gb rdtscp lm constant_tsc rep_good nopl nonstop_tsc extd_apicid aperfmperf pni pclmulqdq monitor ssse3 fma cx16 sse4_1 sse4_2 popcnt aes xsave avx f16c lahf_lm cmp_legacy svm extapic cr8_legacy abm sse4a misalignsse 3dnowprefetch osvw ibs xop skinit wdt lwp fma4 tce nodeid_msr tbm topoext perfctr_core perfctr_nb arat cpb hw_pstate npt lbrv svm_lock nrip_save tsc_scale vmcb_clean flushbyasid decodeassists pausefilter pfthreshold bmi1
bogomips	: 3792.83
TLB size	: 1536 4K pages
clflush size	: 64
cache_alignment	: 64
address sizes	: 48 bits physical, 48 bits virtual
power management: ts ttp tm 100mhzsteps hwpstate cpb eff_freq_ro

processor	: 3
vendor_id	: AuthenticAMD
cpu family	: 21
model		: 16
model name	: AMD A8-4500M APU with Radeon(tm) HD Graphics   
stepping	: 1
microcode	: 0x6001119
cpu MHz		: 1400.000
cache size	: 2048 KB
physical id	: 0
siblings	: 4
core id		: 3
cpu cores	: 2
apicid		: 19
initial apicid	: 3
fpu		: yes
fpu_exception	: yes
cpuid level	: 13
wp		: yes
flags		: fpu vme de pse tsc msr pae mce cx8 apic sep mtrr pge mca cmov pat pse36 clflush mmx fxsr sse sse2 ht syscall nx mmxext fxsr_opt pdpe1gb rdtscp lm constant_tsc rep_good nopl nonstop_tsc extd_apicid aperfmperf pni pclmulqdq monitor ssse3 fma cx16 sse4_1 sse4_2 popcnt aes xsave avx f16c lahf_lm cmp_legacy svm extapic cr8_legacy abm sse4a misalignsse 3dnowprefetch osvw ibs xop skinit wdt lwp fma4 tce nodeid_msr tbm topoext perfctr_core perfctr_nb arat cpb hw_pstate npt lbrv svm_lock nrip_save tsc_scale vmcb_clean flushbyasid decodeassists pausefilter pfthreshold bmi1
bogomips	: 3792.83
TLB size	: 1536 4K pages
clflush size	: 64
cache_alignment	: 64
address sizes	: 48 bits physical, 48 bits virtual
power management: ts ttp tm 100mhzsteps hwpstate cpb eff_freq_ro



Memory: 4k page, physical 3415444k(287136k free), swap 3616764k(3502864k free)

vm_info: OpenJDK 64-Bit Server VM (24.45-b08) for linux-amd64 JRE (1.7.0_51-b00), built on Jan 15 2014 22:02:57 by "buildd" with gcc 4.8.1

time: Sun Mar 30 21:39:22 2014
elapsed time: 29 seconds

