!SESSION 2014-03-27 19:30:23.720 -----------------------------------------------
eclipse.buildId=4.3.0.M20130911-1000
java.version=1.7.0_51
java.vendor=Oracle Corporation
BootLoader constants: OS=linux, ARCH=x86_64, WS=gtk, NL=en_US
Framework arguments:  -product org.eclipse.epp.package.standard.product
Command-line arguments:  -os linux -ws gtk -arch x86_64 -product org.eclipse.epp.package.standard.product

!ENTRY org.eclipse.equinox.event 2 0 2014-03-27 19:30:25.763
!MESSAGE [SCR] Found components with duplicated names! Details: 
Component1 : Component[
	name = org.eclipse.equinox.event
	activate = activate
	deactivate = deactivate
	modified = 
	configuration-policy = optional
	factory = null
	autoenable = true
	immediate = false
	implementation = org.eclipse.equinox.internal.event.EventComponent
	state = Unsatisfied
	properties = 
	serviceFactory = false
	serviceInterface = [org.osgi.service.event.EventAdmin]
	references = null
	located in bundle = org.eclipse.equinox.event_1.2.200.dist [275]
]
Component2: Component[
	name = org.eclipse.equinox.event
	activate = activate
	deactivate = deactivate
	modified = 
	configuration-policy = optional
	factory = null
	autoenable = true
	immediate = false
	implementation = org.eclipse.equinox.internal.event.EventComponent
	state = Unsatisfied
	properties = 
	serviceFactory = false
	serviceInterface = [org.osgi.service.event.EventAdmin]
	references = null
	located in bundle = org.eclipse.equinox.event_1.3.0.v20130327-1442 [97]
]  

!ENTRY org.eclipse.equinox.p2.transport.ecf 2 0 2014-03-27 19:30:25.771
!MESSAGE [SCR] Found components with duplicated names! Details: 
Component1 : Component[
	name = org.eclipse.equinox.p2.transport.ecf
	activate = activate
	deactivate = deactivate
	modified = 
	configuration-policy = optional
	factory = null
	autoenable = true
	immediate = false
	implementation = org.eclipse.equinox.internal.p2.transport.ecf.ECFTransportComponent
	state = Unsatisfied
	properties = {p2.agent.servicename=org.eclipse.equinox.internal.p2.repository.Transport}
	serviceFactory = false
	serviceInterface = [org.eclipse.equinox.p2.core.spi.IAgentServiceFactory]
	references = null
	located in bundle = org.eclipse.equinox.p2.transport.ecf_1.0.100.dist [281]
]
Component2: Component[
	name = org.eclipse.equinox.p2.transport.ecf
	activate = activate
	deactivate = deactivate
	modified = 
	configuration-policy = optional
	factory = null
	autoenable = true
	immediate = false
	implementation = org.eclipse.equinox.internal.p2.transport.ecf.ECFTransportComponent
	state = Unsatisfied
	properties = {p2.agent.servicename=org.eclipse.equinox.internal.p2.repository.Transport}
	serviceFactory = false
	serviceInterface = [org.eclipse.equinox.p2.core.spi.IAgentServiceFactory]
	references = null
	located in bundle = org.eclipse.equinox.p2.transport.ecf_1.1.0.v20130516-1858 [130]
]  

!ENTRY org.eclipse.jface 2 0 2014-03-27 20:42:00.323
!MESSAGE Keybinding conflicts occurred.  They may interfere with normal accelerator operation.
!SUBENTRY 1 org.eclipse.jface 2 0 2014-03-27 20:42:00.324
!MESSAGE A conflict occurred for CTRL+D:
Binding(CTRL+D,
	ParameterizedCommand(Command(org.eclipse.debug.ui.commands.eof,EOF,
		Send end of file,
		Category(org.eclipse.debug.ui.category.run,Run/Debug,Run/Debug command category,true),
		org.eclipse.ui.internal.WorkbenchHandlerServiceHandler@1b87c3fa,
		,,true),null),
	org.eclipse.ui.defaultAcceleratorConfiguration,
	org.eclipse.debug.ui.console,,,system)
Binding(CTRL+D,
	ParameterizedCommand(Command(org.eclipse.ui.edit.text.delete.line,Delete Line,
		Delete a line of text,
		Category(org.eclipse.ui.category.textEditor,Text Editing,Text Editing Commands,true),
		org.eclipse.ui.internal.WorkbenchHandlerServiceHandler@6e536034,
		,,true),null),
	org.eclipse.ui.defaultAcceleratorConfiguration,
	org.eclipse.ui.textEditorScope,,,system)
!SESSION 2014-03-27 21:21:22.995 -----------------------------------------------
eclipse.buildId=4.3.0.M20130911-1000
java.version=1.7.0_51
java.vendor=Oracle Corporation
BootLoader constants: OS=linux, ARCH=x86_64, WS=gtk, NL=en_US
Framework arguments:  -product org.eclipse.epp.package.standard.product
Command-line arguments:  -os linux -ws gtk -arch x86_64 -product org.eclipse.epp.package.standard.product

!ENTRY org.eclipse.equinox.event 2 0 2014-03-27 21:21:27.396
!MESSAGE [SCR] Found components with duplicated names! Details: 
Component1 : Component[
	name = org.eclipse.equinox.event
	activate = activate
	deactivate = deactivate
	modified = 
	configuration-policy = optional
	factory = null
	autoenable = true
	immediate = false
	implementation = org.eclipse.equinox.internal.event.EventComponent
	state = Unsatisfied
	properties = 
	serviceFactory = false
	serviceInterface = [org.osgi.service.event.EventAdmin]
	references = null
	located in bundle = org.eclipse.equinox.event_1.2.200.dist [275]
]
Component2: Component[
	name = org.eclipse.equinox.event
	activate = activate
	deactivate = deactivate
	modified = 
	configuration-policy = optional
	factory = null
	autoenable = true
	immediate = false
	implementation = org.eclipse.equinox.internal.event.EventComponent
	state = Unsatisfied
	properties = 
	serviceFactory = false
	serviceInterface = [org.osgi.service.event.EventAdmin]
	references = null
	located in bundle = org.eclipse.equinox.event_1.3.0.v20130327-1442 [97]
]  

!ENTRY org.eclipse.equinox.p2.transport.ecf 2 0 2014-03-27 21:21:27.407
!MESSAGE [SCR] Found components with duplicated names! Details: 
Component1 : Component[
	name = org.eclipse.equinox.p2.transport.ecf
	activate = activate
	deactivate = deactivate
	modified = 
	configuration-policy = optional
	factory = null
	autoenable = true
	immediate = false
	implementation = org.eclipse.equinox.internal.p2.transport.ecf.ECFTransportComponent
	state = Unsatisfied
	properties = {p2.agent.servicename=org.eclipse.equinox.internal.p2.repository.Transport}
	serviceFactory = false
	serviceInterface = [org.eclipse.equinox.p2.core.spi.IAgentServiceFactory]
	references = null
	located in bundle = org.eclipse.equinox.p2.transport.ecf_1.0.100.dist [281]
]
Component2: Component[
	name = org.eclipse.equinox.p2.transport.ecf
	activate = activate
	deactivate = deactivate
	modified = 
	configuration-policy = optional
	factory = null
	autoenable = true
	immediate = false
	implementation = org.eclipse.equinox.internal.p2.transport.ecf.ECFTransportComponent
	state = Unsatisfied
	properties = {p2.agent.servicename=org.eclipse.equinox.internal.p2.repository.Transport}
	serviceFactory = false
	serviceInterface = [org.eclipse.equinox.p2.core.spi.IAgentServiceFactory]
	references = null
	located in bundle = org.eclipse.equinox.p2.transport.ecf_1.1.0.v20130516-1858 [130]
]  

!ENTRY org.eclipse.core.resources 2 10035 2014-03-27 21:21:33.996
!MESSAGE The workspace exited with unsaved changes in the previous session; refreshing workspace to recover changes.
!SESSION 2014-03-27 21:22:27.048 -----------------------------------------------
eclipse.buildId=4.3.0.M20130911-1000
java.version=1.7.0_51
java.vendor=Oracle Corporation
BootLoader constants: OS=linux, ARCH=x86_64, WS=gtk, NL=en_US
Framework arguments:  -product org.eclipse.epp.package.standard.product
Command-line arguments:  -os linux -ws gtk -arch x86_64 -product org.eclipse.epp.package.standard.product

!ENTRY org.eclipse.equinox.event 2 0 2014-03-27 21:22:28.967
!MESSAGE [SCR] Found components with duplicated names! Details: 
Component1 : Component[
	name = org.eclipse.equinox.event
	activate = activate
	deactivate = deactivate
	modified = 
	configuration-policy = optional
	factory = null
	autoenable = true
	immediate = false
	implementation = org.eclipse.equinox.internal.event.EventComponent
	state = Unsatisfied
	properties = 
	serviceFactory = false
	serviceInterface = [org.osgi.service.event.EventAdmin]
	references = null
	located in bundle = org.eclipse.equinox.event_1.2.200.dist [275]
]
Component2: Component[
	name = org.eclipse.equinox.event
	activate = activate
	deactivate = deactivate
	modified = 
	configuration-policy = optional
	factory = null
	autoenable = true
	immediate = false
	implementation = org.eclipse.equinox.internal.event.EventComponent
	state = Unsatisfied
	properties = 
	serviceFactory = false
	serviceInterface = [org.osgi.service.event.EventAdmin]
	references = null
	located in bundle = org.eclipse.equinox.event_1.3.0.v20130327-1442 [97]
]  

!ENTRY org.eclipse.equinox.p2.transport.ecf 2 0 2014-03-27 21:22:28.975
!MESSAGE [SCR] Found components with duplicated names! Details: 
Component1 : Component[
	name = org.eclipse.equinox.p2.transport.ecf
	activate = activate
	deactivate = deactivate
	modified = 
	configuration-policy = optional
	factory = null
	autoenable = true
	immediate = false
	implementation = org.eclipse.equinox.internal.p2.transport.ecf.ECFTransportComponent
	state = Unsatisfied
	properties = {p2.agent.servicename=org.eclipse.equinox.internal.p2.repository.Transport}
	serviceFactory = false
	serviceInterface = [org.eclipse.equinox.p2.core.spi.IAgentServiceFactory]
	references = null
	located in bundle = org.eclipse.equinox.p2.transport.ecf_1.0.100.dist [281]
]
Component2: Component[
	name = org.eclipse.equinox.p2.transport.ecf
	activate = activate
	deactivate = deactivate
	modified = 
	configuration-policy = optional
	factory = null
	autoenable = true
	immediate = false
	implementation = org.eclipse.equinox.internal.p2.transport.ecf.ECFTransportComponent
	state = Unsatisfied
	properties = {p2.agent.servicename=org.eclipse.equinox.internal.p2.repository.Transport}
	serviceFactory = false
	serviceInterface = [org.eclipse.equinox.p2.core.spi.IAgentServiceFactory]
	references = null
	located in bundle = org.eclipse.equinox.p2.transport.ecf_1.1.0.v20130516-1858 [130]
]  

!ENTRY org.eclipse.core.resources 2 10035 2014-03-27 21:22:31.841
!MESSAGE The workspace exited with unsaved changes in the previous session; refreshing workspace to recover changes.

!ENTRY org.eclipse.jface 2 0 2014-03-27 21:23:16.580
!MESSAGE Keybinding conflicts occurred.  They may interfere with normal accelerator operation.
!SUBENTRY 1 org.eclipse.jface 2 0 2014-03-27 21:23:16.580
!MESSAGE A conflict occurred for CTRL+D:
Binding(CTRL+D,
	ParameterizedCommand(Command(org.eclipse.debug.ui.commands.eof,EOF,
		Send end of file,
		Category(org.eclipse.debug.ui.category.run,Run/Debug,Run/Debug command category,true),
		org.eclipse.ui.internal.WorkbenchHandlerServiceHandler@3273e722,
		,,true),null),
	org.eclipse.ui.defaultAcceleratorConfiguration,
	org.eclipse.debug.ui.console,,,system)
Binding(CTRL+D,
	ParameterizedCommand(Command(org.eclipse.ui.edit.text.delete.line,Delete Line,
		Delete a line of text,
		Category(org.eclipse.ui.category.textEditor,Text Editing,Text Editing Commands,true),
		org.eclipse.ui.internal.WorkbenchHandlerServiceHandler@574b830e,
		,,true),null),
	org.eclipse.ui.defaultAcceleratorConfiguration,
	org.eclipse.ui.textEditorScope,,,system)
!SESSION 2014-03-29 14:11:03.289 -----------------------------------------------
eclipse.buildId=4.3.0.M20130911-1000
java.version=1.7.0_51
java.vendor=Oracle Corporation
BootLoader constants: OS=linux, ARCH=x86_64, WS=gtk, NL=en_US
Framework arguments:  -product org.eclipse.epp.package.standard.product
Command-line arguments:  -os linux -ws gtk -arch x86_64 -product org.eclipse.epp.package.standard.product

!ENTRY org.eclipse.equinox.event 2 0 2014-03-29 14:11:05.290
!MESSAGE [SCR] Found components with duplicated names! Details: 
Component1 : Component[
	name = org.eclipse.equinox.event
	activate = activate
	deactivate = deactivate
	modified = 
	configuration-policy = optional
	factory = null
	autoenable = true
	immediate = false
	implementation = org.eclipse.equinox.internal.event.EventComponent
	state = Unsatisfied
	properties = 
	serviceFactory = false
	serviceInterface = [org.osgi.service.event.EventAdmin]
	references = null
	located in bundle = org.eclipse.equinox.event_1.2.200.dist [275]
]
Component2: Component[
	name = org.eclipse.equinox.event
	activate = activate
	deactivate = deactivate
	modified = 
	configuration-policy = optional
	factory = null
	autoenable = true
	immediate = false
	implementation = org.eclipse.equinox.internal.event.EventComponent
	state = Unsatisfied
	properties = 
	serviceFactory = false
	serviceInterface = [org.osgi.service.event.EventAdmin]
	references = null
	located in bundle = org.eclipse.equinox.event_1.3.0.v20130327-1442 [97]
]  

!ENTRY org.eclipse.equinox.p2.transport.ecf 2 0 2014-03-29 14:11:05.297
!MESSAGE [SCR] Found components with duplicated names! Details: 
Component1 : Component[
	name = org.eclipse.equinox.p2.transport.ecf
	activate = activate
	deactivate = deactivate
	modified = 
	configuration-policy = optional
	factory = null
	autoenable = true
	immediate = false
	implementation = org.eclipse.equinox.internal.p2.transport.ecf.ECFTransportComponent
	state = Unsatisfied
	properties = {p2.agent.servicename=org.eclipse.equinox.internal.p2.repository.Transport}
	serviceFactory = false
	serviceInterface = [org.eclipse.equinox.p2.core.spi.IAgentServiceFactory]
	references = null
	located in bundle = org.eclipse.equinox.p2.transport.ecf_1.0.100.dist [281]
]
Component2: Component[
	name = org.eclipse.equinox.p2.transport.ecf
	activate = activate
	deactivate = deactivate
	modified = 
	configuration-policy = optional
	factory = null
	autoenable = true
	immediate = false
	implementation = org.eclipse.equinox.internal.p2.transport.ecf.ECFTransportComponent
	state = Unsatisfied
	properties = {p2.agent.servicename=org.eclipse.equinox.internal.p2.repository.Transport}
	serviceFactory = false
	serviceInterface = [org.eclipse.equinox.p2.core.spi.IAgentServiceFactory]
	references = null
	located in bundle = org.eclipse.equinox.p2.transport.ecf_1.1.0.v20130516-1858 [130]
]  
